2024-07-15 14:13:03,045  INFO {board.BoardApplication} Starting BoardApplication using Java 21.0.3 with PID 8276 (C:\Users\myanj\eclipse-workspace\board\bin\main started by myanj in C:\Users\myanj\eclipse-workspace\board)
2024-07-15 14:13:03,046 DEBUG {board.BoardApplication} Running with Spring Boot v3.3.1, Spring v6.1.10
2024-07-15 14:13:03,046  INFO {board.BoardApplication} The following 1 profile is active: "prod"
2024-07-15 14:13:03,598  INFO {board.BoardApplication} Started BoardApplication in 0.634 seconds (process running for 55.9)
2024-07-15 14:13:11,713 DEBUG {board.controller.BoardController} debug log...
2024-07-15 14:13:11,714  INFO {board.controller.BoardController} info log...
2024-07-15 14:13:11,714  WARN {board.controller.BoardController} warn log...
2024-07-15 14:13:11,715 ERROR {board.controller.BoardController} error log...
2024-07-15 14:13:11,717 DEBUG {board.mapper.BoardMapper.selectBoardList} ==>  Preparing: select board_idx, title, hit_cnt, date_format(created_datetime, '%Y.%m.%d %H:%i:%s') as created_datetime from t_board where deleted_yn = 'N' order by board_idx desc
2024-07-15 14:13:11,717 DEBUG {board.mapper.BoardMapper.selectBoardList} ==> Parameters: 
2024-07-15 14:13:11,718 DEBUG {board.mapper.BoardMapper.selectBoardList} <==      Total: 4
2024-07-15 14:13:11,949 DEBUG {board.controller.BoardController} debug log...
2024-07-15 14:13:11,950  INFO {board.controller.BoardController} info log...
2024-07-15 14:13:11,950  WARN {board.controller.BoardController} warn log...
2024-07-15 14:13:11,950 ERROR {board.controller.BoardController} error log...
2024-07-15 14:13:11,950 DEBUG {board.mapper.BoardMapper.selectBoardList} ==>  Preparing: select board_idx, title, hit_cnt, date_format(created_datetime, '%Y.%m.%d %H:%i:%s') as created_datetime from t_board where deleted_yn = 'N' order by board_idx desc
2024-07-15 14:13:11,950 DEBUG {board.mapper.BoardMapper.selectBoardList} ==> Parameters: 
2024-07-15 14:13:11,952 DEBUG {board.mapper.BoardMapper.selectBoardList} <==      Total: 4
2024-07-15 14:13:12,140 DEBUG {board.controller.BoardController} debug log...
2024-07-15 14:13:12,140  INFO {board.controller.BoardController} info log...
2024-07-15 14:13:12,140  WARN {board.controller.BoardController} warn log...
2024-07-15 14:13:12,140 ERROR {board.controller.BoardController} error log...
2024-07-15 14:13:12,140 DEBUG {board.mapper.BoardMapper.selectBoardList} ==>  Preparing: select board_idx, title, hit_cnt, date_format(created_datetime, '%Y.%m.%d %H:%i:%s') as created_datetime from t_board where deleted_yn = 'N' order by board_idx desc
2024-07-15 14:13:12,141 DEBUG {board.mapper.BoardMapper.selectBoardList} ==> Parameters: 
2024-07-15 14:13:12,142 DEBUG {board.mapper.BoardMapper.selectBoardList} <==      Total: 4
2024-07-15 14:13:12,292 DEBUG {board.controller.BoardController} debug log...
2024-07-15 14:13:12,292  INFO {board.controller.BoardController} info log...
2024-07-15 14:13:12,292  WARN {board.controller.BoardController} warn log...
2024-07-15 14:13:12,292 ERROR {board.controller.BoardController} error log...
2024-07-15 14:13:12,292 DEBUG {board.mapper.BoardMapper.selectBoardList} ==>  Preparing: select board_idx, title, hit_cnt, date_format(created_datetime, '%Y.%m.%d %H:%i:%s') as created_datetime from t_board where deleted_yn = 'N' order by board_idx desc
2024-07-15 14:13:12,292 DEBUG {board.mapper.BoardMapper.selectBoardList} ==> Parameters: 
2024-07-15 14:13:12,293 DEBUG {board.mapper.BoardMapper.selectBoardList} <==      Total: 4
2024-07-15 14:13:12,443 DEBUG {board.controller.BoardController} debug log...
2024-07-15 14:13:12,443  INFO {board.controller.BoardController} info log...
2024-07-15 14:13:12,444  WARN {board.controller.BoardController} warn log...
2024-07-15 14:13:12,444 ERROR {board.controller.BoardController} error log...
2024-07-15 14:13:12,444 DEBUG {board.mapper.BoardMapper.selectBoardList} ==>  Preparing: select board_idx, title, hit_cnt, date_format(created_datetime, '%Y.%m.%d %H:%i:%s') as created_datetime from t_board where deleted_yn = 'N' order by board_idx desc
2024-07-15 14:13:12,444 DEBUG {board.mapper.BoardMapper.selectBoardList} ==> Parameters: 
2024-07-15 14:13:12,445 DEBUG {board.mapper.BoardMapper.selectBoardList} <==      Total: 4
2024-07-15 14:13:12,620 DEBUG {board.controller.BoardController} debug log...
2024-07-15 14:13:12,620  INFO {board.controller.BoardController} info log...
2024-07-15 14:13:12,620  WARN {board.controller.BoardController} warn log...
2024-07-15 14:13:12,620 ERROR {board.controller.BoardController} error log...
2024-07-15 14:13:12,620 DEBUG {board.mapper.BoardMapper.selectBoardList} ==>  Preparing: select board_idx, title, hit_cnt, date_format(created_datetime, '%Y.%m.%d %H:%i:%s') as created_datetime from t_board where deleted_yn = 'N' order by board_idx desc
2024-07-15 14:13:12,621 DEBUG {board.mapper.BoardMapper.selectBoardList} ==> Parameters: 
2024-07-15 14:13:12,622 DEBUG {board.mapper.BoardMapper.selectBoardList} <==      Total: 4
2024-07-15 14:13:20,134  INFO {board.BoardApplication} Starting BoardApplication using Java 21.0.3 with PID 16412 (C:\Users\myanj\eclipse-workspace\board\bin\main started by myanj in C:\Users\myanj\eclipse-workspace\board)
2024-07-15 14:13:20,135 DEBUG {board.BoardApplication} Running with Spring Boot v3.3.1, Spring v6.1.10
2024-07-15 14:13:20,136  INFO {board.BoardApplication} The following 1 profile is active: "prod"
2024-07-15 14:13:23,683  INFO {board.BoardApplication} Started BoardApplication in 4.053 seconds (process running for 4.929)
2024-07-15 14:17:18,846 DEBUG {board.controller.BoardController} debug log...
2024-07-15 14:17:18,846  INFO {board.controller.BoardController} info log...
2024-07-15 14:17:18,846  WARN {board.controller.BoardController} warn log...
2024-07-15 14:17:18,846 ERROR {board.controller.BoardController} error log...
2024-07-15 14:17:18,861 DEBUG {board.mapper.BoardMapper.selectBoardList} ==>  Preparing: select board_idx, title, hit_cnt, date_format(created_datetime, '%Y.%m.%d %H:%i:%s') as created_datetime from t_board where deleted_yn = 'N' order by board_idx desc
2024-07-15 14:17:18,878 DEBUG {board.mapper.BoardMapper.selectBoardList} ==> Parameters: 
2024-07-15 14:17:18,890 DEBUG {board.mapper.BoardMapper.selectBoardList} <==      Total: 4
2024-07-15 14:17:19,333 DEBUG {board.controller.BoardController} debug log...
2024-07-15 14:17:19,333  INFO {board.controller.BoardController} info log...
2024-07-15 14:17:19,333  WARN {board.controller.BoardController} warn log...
2024-07-15 14:17:19,333 ERROR {board.controller.BoardController} error log...
2024-07-15 14:17:19,334 DEBUG {board.mapper.BoardMapper.selectBoardList} ==>  Preparing: select board_idx, title, hit_cnt, date_format(created_datetime, '%Y.%m.%d %H:%i:%s') as created_datetime from t_board where deleted_yn = 'N' order by board_idx desc
2024-07-15 14:17:19,334 DEBUG {board.mapper.BoardMapper.selectBoardList} ==> Parameters: 
2024-07-15 14:17:19,337 DEBUG {board.mapper.BoardMapper.selectBoardList} <==      Total: 4
2024-07-15 14:17:19,802 DEBUG {board.controller.BoardController} debug log...
2024-07-15 14:17:19,802  INFO {board.controller.BoardController} info log...
2024-07-15 14:17:19,802  WARN {board.controller.BoardController} warn log...
2024-07-15 14:17:19,802 ERROR {board.controller.BoardController} error log...
2024-07-15 14:17:19,802 DEBUG {board.mapper.BoardMapper.selectBoardList} ==>  Preparing: select board_idx, title, hit_cnt, date_format(created_datetime, '%Y.%m.%d %H:%i:%s') as created_datetime from t_board where deleted_yn = 'N' order by board_idx desc
2024-07-15 14:17:19,802 DEBUG {board.mapper.BoardMapper.selectBoardList} ==> Parameters: 
2024-07-15 14:17:19,804 DEBUG {board.mapper.BoardMapper.selectBoardList} <==      Total: 4
2024-07-15 14:17:20,172 DEBUG {board.controller.BoardController} debug log...
2024-07-15 14:17:20,173  INFO {board.controller.BoardController} info log...
2024-07-15 14:17:20,173  WARN {board.controller.BoardController} warn log...
2024-07-15 14:17:20,173 ERROR {board.controller.BoardController} error log...
2024-07-15 14:17:20,173 DEBUG {board.mapper.BoardMapper.selectBoardList} ==>  Preparing: select board_idx, title, hit_cnt, date_format(created_datetime, '%Y.%m.%d %H:%i:%s') as created_datetime from t_board where deleted_yn = 'N' order by board_idx desc
2024-07-15 14:17:20,173 DEBUG {board.mapper.BoardMapper.selectBoardList} ==> Parameters: 
2024-07-15 14:17:20,175 DEBUG {board.mapper.BoardMapper.selectBoardList} <==      Total: 4
2024-07-15 14:17:20,548 DEBUG {board.controller.BoardController} debug log...
2024-07-15 14:17:20,548  INFO {board.controller.BoardController} info log...
2024-07-15 14:17:20,548  WARN {board.controller.BoardController} warn log...
2024-07-15 14:17:20,548 ERROR {board.controller.BoardController} error log...
2024-07-15 14:17:20,549 DEBUG {board.mapper.BoardMapper.selectBoardList} ==>  Preparing: select board_idx, title, hit_cnt, date_format(created_datetime, '%Y.%m.%d %H:%i:%s') as created_datetime from t_board where deleted_yn = 'N' order by board_idx desc
2024-07-15 14:17:20,549 DEBUG {board.mapper.BoardMapper.selectBoardList} ==> Parameters: 
2024-07-15 14:17:20,550 DEBUG {board.mapper.BoardMapper.selectBoardList} <==      Total: 4
2024-07-15 14:17:20,866 DEBUG {board.controller.BoardController} debug log...
2024-07-15 14:17:20,866  INFO {board.controller.BoardController} info log...
2024-07-15 14:17:20,866  WARN {board.controller.BoardController} warn log...
2024-07-15 14:17:20,866 ERROR {board.controller.BoardController} error log...
2024-07-15 14:17:20,866 DEBUG {board.mapper.BoardMapper.selectBoardList} ==>  Preparing: select board_idx, title, hit_cnt, date_format(created_datetime, '%Y.%m.%d %H:%i:%s') as created_datetime from t_board where deleted_yn = 'N' order by board_idx desc
2024-07-15 14:17:20,866 DEBUG {board.mapper.BoardMapper.selectBoardList} ==> Parameters: 
2024-07-15 14:17:20,868 DEBUG {board.mapper.BoardMapper.selectBoardList} <==      Total: 4
2024-07-15 14:17:21,157 DEBUG {board.controller.BoardController} debug log...
2024-07-15 14:17:21,157  INFO {board.controller.BoardController} info log...
2024-07-15 14:17:21,157  WARN {board.controller.BoardController} warn log...
2024-07-15 14:17:21,157 ERROR {board.controller.BoardController} error log...
2024-07-15 14:17:21,158 DEBUG {board.mapper.BoardMapper.selectBoardList} ==>  Preparing: select board_idx, title, hit_cnt, date_format(created_datetime, '%Y.%m.%d %H:%i:%s') as created_datetime from t_board where deleted_yn = 'N' order by board_idx desc
2024-07-15 14:17:21,159 DEBUG {board.mapper.BoardMapper.selectBoardList} ==> Parameters: 
2024-07-15 14:17:21,161 DEBUG {board.mapper.BoardMapper.selectBoardList} <==      Total: 4
2024-07-15 14:17:21,501 DEBUG {board.controller.BoardController} debug log...
2024-07-15 14:17:21,501  INFO {board.controller.BoardController} info log...
2024-07-15 14:17:21,501  WARN {board.controller.BoardController} warn log...
2024-07-15 14:17:21,501 ERROR {board.controller.BoardController} error log...
2024-07-15 14:17:21,501 DEBUG {board.mapper.BoardMapper.selectBoardList} ==>  Preparing: select board_idx, title, hit_cnt, date_format(created_datetime, '%Y.%m.%d %H:%i:%s') as created_datetime from t_board where deleted_yn = 'N' order by board_idx desc
2024-07-15 14:17:21,502 DEBUG {board.mapper.BoardMapper.selectBoardList} ==> Parameters: 
2024-07-15 14:17:21,503 DEBUG {board.mapper.BoardMapper.selectBoardList} <==      Total: 4
2024-07-15 14:17:35,081 DEBUG {board.controller.BoardController} debug log...
2024-07-15 14:17:35,081  INFO {board.controller.BoardController} info log...
2024-07-15 14:17:35,081  WARN {board.controller.BoardController} warn log...
2024-07-15 14:17:35,081 ERROR {board.controller.BoardController} error log...
2024-07-15 14:17:35,083 DEBUG {board.mapper.BoardMapper.selectBoardList} ==>  Preparing: select board_idx, title, hit_cnt, date_format(created_datetime, '%Y.%m.%d %H:%i:%s') as created_datetime from t_board where deleted_yn = 'N' order by board_idx desc
2024-07-15 14:17:35,083 DEBUG {board.mapper.BoardMapper.selectBoardList} ==> Parameters: 
2024-07-15 14:17:35,086 DEBUG {board.mapper.BoardMapper.selectBoardList} <==      Total: 4
2024-07-15 14:17:35,467 DEBUG {board.controller.BoardController} debug log...
2024-07-15 14:17:35,467  INFO {board.controller.BoardController} info log...
2024-07-15 14:17:35,467  WARN {board.controller.BoardController} warn log...
2024-07-15 14:17:35,467 ERROR {board.controller.BoardController} error log...
2024-07-15 14:17:35,468 DEBUG {board.mapper.BoardMapper.selectBoardList} ==>  Preparing: select board_idx, title, hit_cnt, date_format(created_datetime, '%Y.%m.%d %H:%i:%s') as created_datetime from t_board where deleted_yn = 'N' order by board_idx desc
2024-07-15 14:17:35,468 DEBUG {board.mapper.BoardMapper.selectBoardList} ==> Parameters: 
2024-07-15 14:17:35,469 DEBUG {board.mapper.BoardMapper.selectBoardList} <==      Total: 4
2024-07-15 14:17:35,883 DEBUG {board.controller.BoardController} debug log...
2024-07-15 14:17:35,884  INFO {board.controller.BoardController} info log...
2024-07-15 14:17:35,884  WARN {board.controller.BoardController} warn log...
2024-07-15 14:17:35,884 ERROR {board.controller.BoardController} error log...
2024-07-15 14:17:35,884 DEBUG {board.mapper.BoardMapper.selectBoardList} ==>  Preparing: select board_idx, title, hit_cnt, date_format(created_datetime, '%Y.%m.%d %H:%i:%s') as created_datetime from t_board where deleted_yn = 'N' order by board_idx desc
2024-07-15 14:17:35,884 DEBUG {board.mapper.BoardMapper.selectBoardList} ==> Parameters: 
2024-07-15 14:17:35,885 DEBUG {board.mapper.BoardMapper.selectBoardList} <==      Total: 4
2024-07-15 14:17:36,182 DEBUG {board.controller.BoardController} debug log...
2024-07-15 14:17:36,182  INFO {board.controller.BoardController} info log...
2024-07-15 14:17:36,182  WARN {board.controller.BoardController} warn log...
2024-07-15 14:17:36,182 ERROR {board.controller.BoardController} error log...
2024-07-15 14:17:36,184 DEBUG {board.mapper.BoardMapper.selectBoardList} ==>  Preparing: select board_idx, title, hit_cnt, date_format(created_datetime, '%Y.%m.%d %H:%i:%s') as created_datetime from t_board where deleted_yn = 'N' order by board_idx desc
2024-07-15 14:17:36,184 DEBUG {board.mapper.BoardMapper.selectBoardList} ==> Parameters: 
2024-07-15 14:17:36,185 DEBUG {board.mapper.BoardMapper.selectBoardList} <==      Total: 4
2024-07-15 14:17:36,404 DEBUG {board.controller.BoardController} debug log...
2024-07-15 14:17:36,404  INFO {board.controller.BoardController} info log...
2024-07-15 14:17:36,404  WARN {board.controller.BoardController} warn log...
2024-07-15 14:17:36,404 ERROR {board.controller.BoardController} error log...
2024-07-15 14:17:36,404 DEBUG {board.mapper.BoardMapper.selectBoardList} ==>  Preparing: select board_idx, title, hit_cnt, date_format(created_datetime, '%Y.%m.%d %H:%i:%s') as created_datetime from t_board where deleted_yn = 'N' order by board_idx desc
2024-07-15 14:17:36,404 DEBUG {board.mapper.BoardMapper.selectBoardList} ==> Parameters: 
2024-07-15 14:17:36,405 DEBUG {board.mapper.BoardMapper.selectBoardList} <==      Total: 4
2024-07-15 14:17:36,581 DEBUG {board.controller.BoardController} debug log...
2024-07-15 14:17:36,581  INFO {board.controller.BoardController} info log...
2024-07-15 14:17:36,581  WARN {board.controller.BoardController} warn log...
2024-07-15 14:17:36,581 ERROR {board.controller.BoardController} error log...
2024-07-15 14:17:36,581 DEBUG {board.mapper.BoardMapper.selectBoardList} ==>  Preparing: select board_idx, title, hit_cnt, date_format(created_datetime, '%Y.%m.%d %H:%i:%s') as created_datetime from t_board where deleted_yn = 'N' order by board_idx desc
2024-07-15 14:17:36,582 DEBUG {board.mapper.BoardMapper.selectBoardList} ==> Parameters: 
2024-07-15 14:17:36,583 DEBUG {board.mapper.BoardMapper.selectBoardList} <==      Total: 4
2024-07-15 14:35:25,264 DEBUG {board.controller.BoardController} debug log...
2024-07-15 14:35:25,264  INFO {board.controller.BoardController} info log...
2024-07-15 14:35:25,264  WARN {board.controller.BoardController} warn log...
2024-07-15 14:35:25,264 ERROR {board.controller.BoardController} error log...
2024-07-15 14:35:25,267 DEBUG {board.mapper.BoardMapper.selectBoardList} ==>  Preparing: select board_idx, title, hit_cnt, date_format(created_datetime, '%Y.%m.%d %H:%i:%s') as created_datetime from t_board where deleted_yn = 'N' order by board_idx desc
2024-07-15 14:35:25,267 DEBUG {board.mapper.BoardMapper.selectBoardList} ==> Parameters: 
2024-07-15 14:35:25,268 DEBUG {board.mapper.BoardMapper.selectBoardList} <==      Total: 4
